<?xml version="1.0" encoding="UTF-8"?>
<testsuite xmlns:xsi="http://www.w3.org/2001/XMLSchema-instance" xsi:noNamespaceSchemaLocation="https://maven.apache.org/surefire/maven-surefire-plugin/xsd/surefire-test-report.xsd" name="support.runtest" time="87.302" tests="6" errors="0" skipped="0" failures="0">
  <properties>
[...]
</properties>
  <testcase name="Compra de un producto con varias cantidades #1" classname="Funcionalidad del carrito de compra" time="17.088"/>
  <testcase name="Compra de un producto con varias cantidades #2" classname="Funcionalidad del carrito de compra" time="18.987"/>
  <testcase name="Compra de un producto con varias cantidades #3" classname="Funcionalidad del carrito de compra" time="13.654"/>
  <testcase name="Compra de un producto con varias cantidades version 2 #1" classname="Funcionalidad del carrito de compra version 2" time="10.925"/>
  <testcase name="Compra de un producto con varias cantidades version 2 #2" classname="Funcionalidad del carrito de compra version 2" time="13.562"/>
  <testcase name="Compra de un producto con varias cantidades version 2 #3" classname="Funcionalidad del carrito de compra version 2" time="11.671"/>
</testsuite>